#
# A fatal error has been detected by the Java Runtime Environment:
#
#  Internal Error (./open/src/hotspot/share/interpreter/oopMapCache.cpp:111), pid=21856, tid=25504
#  Error: ShouldNotReachHere()
#
# JRE version: Java(TM) SE Runtime Environment (14.0.2+12) (build 14.0.2+12-46)
# Java VM: Java HotSpot(TM) 64-Bit Server VM (14.0.2+12-46, mixed mode, sharing, tiered, compressed oops, g1 gc, windows-amd64)
# No core dump will be written. Minidumps are not enabled by default on client versions of Windows
#
# If you would like to submit a bug report, please visit:
#   https://bugreport.java.com/bugreport/crash.jsp
#

---------------  S U M M A R Y ------------

Command Line: -XX:+ShowCodeDetailsInExceptionMessages -agentlib:jdwp=transport=dt_socket,suspend=y,address=localhost:55059 -Dcom.sun.management.jmxremote -Dcom.sun.management.jmxremote.port=55051 -Dcom.sun.management.jmxremote.authenticate=false -Dcom.sun.management.jmxremote.ssl=false -Djava.rmi.server.hostname=localhost -Dspring.jmx.enabled=true -Dmanagement.endpoints.jmx.exposure.include=* -Dspring.application.admin.enabled=true -XX:TieredStopAtLevel=1 -Dspring.boot.project.name=eRecruitment -javaagent:C:\Users\ssolimeno\eclipse-jee-2022-03-R-win32-x86_64\eclipse\configuration\org.eclipse.osgi\1440\0\.cp\lib\javaagent-shaded.jar -Dfile.encoding=UTF-8 -Dstdout.encoding=UTF-8 -Dstderr.encoding=UTF-8 it.trefin.erecruitment.ERecruitmentApplication --spring.output.ansi.enabled=always

Host: 13th Gen Intel(R) Core(TM) i7-13700H, 20 cores, 31G,  Windows 10 , 64 bit Build 22621 (10.0.22621.3958)
Time: Mon Oct 21 09:30:34 2024 ora legale Europa occidentale elapsed time: 129 seconds (0d 0h 2m 9s)

---------------  T H R E A D  ---------------

Current thread (0x0000028a5bbe5000):  JavaThread "JDWP Transport Listener: dt_socket" daemon [_thread_in_vm, id=25504, stack(0x000000e9ec000000,0x000000e9ec100000)] _threads_hazard_ptr=0x0000028a6053be70

Stack: [0x000000e9ec000000,0x000000e9ec100000]
Native frames: (J=compiled Java code, j=interpreted, Vv=VM code, C=native code)
V  [jvm.dll+0x5f8a9a]
V  [jvm.dll+0x74247a]
V  [jvm.dll+0x743c2f]
V  [jvm.dll+0x744227]
V  [jvm.dll+0x20d20c]
V  [jvm.dll+0x20d173]
V  [jvm.dll+0x5e7b7f]
V  [jvm.dll+0x5e78dd]
V  [jvm.dll+0x5af8e3]
V  [jvm.dll+0x739aef]
V  [jvm.dll+0x4bee61]
V  [jvm.dll+0x74908b]
V  [jvm.dll+0x4a54ee]
V  [jvm.dll+0x46ee7b]
C  [jdwp.dll+0x751f]


---------------  P R O C E S S  ---------------

Threads class SMR info:
_java_thread_list=0x0000028a6053be70, length=37, elements={
0x0000028a5ab0b000, 0x0000028a5ab0c000, 0x0000028a5ba63000, 0x0000028a5ba66800,
0x0000028a5ba67800, 0x0000028a5ba6b800, 0x0000028a5ba9b000, 0x0000028a5bb88800,
0x0000028a5bbe5000, 0x0000028a5bbe6800, 0x0000028a5bbf1000, 0x0000028a5cb7d000,
0x0000028a5bbe4000, 0x0000028a5bbe3000, 0x0000028a5cd71000, 0x0000028a5cf56000,
0x0000028a5cf5c800, 0x0000028a5cf72000, 0x0000028a5e2a7000, 0x0000028a5e2a4800,
0x0000028a60396000, 0x0000028a60394800, 0x0000028a60394000, 0x0000028a60398000,
0x0000028a60397000, 0x0000028a60398800, 0x0000028a60393000, 0x0000028a60399800,
0x0000028a6039a800, 0x0000028a6039b000, 0x0000028a60395800, 0x0000028a603a1000,
0x0000028a603a0000, 0x0000028a603a1800, 0x0000028a6039c800, 0x0000028a6039d800,
0x0000028a6039e800
}

Java Threads: ( => current thread )
  0x0000028a5ab0b000 JavaThread "Reference Handler" daemon [_thread_blocked, id=760, stack(0x000000e9eb800000,0x000000e9eb900000)]
  0x0000028a5ab0c000 JavaThread "Finalizer" daemon [_thread_blocked, id=22012, stack(0x000000e9eb900000,0x000000e9eba00000)]
  0x0000028a5ba63000 JavaThread "Signal Dispatcher" daemon [_thread_blocked, id=10612, stack(0x000000e9eba00000,0x000000e9ebb00000)]
  0x0000028a5ba66800 JavaThread "Attach Listener" daemon [_thread_blocked, id=25688, stack(0x000000e9ebb00000,0x000000e9ebc00000)]
  0x0000028a5ba67800 JavaThread "Service Thread" daemon [_thread_blocked, id=17684, stack(0x000000e9ebc00000,0x000000e9ebd00000)]
  0x0000028a5ba6b800 JavaThread "C1 CompilerThread0" daemon [_thread_blocked, id=20180, stack(0x000000e9ebd00000,0x000000e9ebe00000)]
  0x0000028a5ba9b000 JavaThread "Sweeper thread" daemon [_thread_blocked, id=22720, stack(0x000000e9ebe00000,0x000000e9ebf00000)]
  0x0000028a5bb88800 JavaThread "Common-Cleaner" daemon [_thread_blocked, id=20464, stack(0x000000e9ebf00000,0x000000e9ec000000)]
=>0x0000028a5bbe5000 JavaThread "JDWP Transport Listener: dt_socket" daemon [_thread_in_vm, id=25504, stack(0x000000e9ec000000,0x000000e9ec100000)] _threads_hazard_ptr=0x0000028a6053be70
  0x0000028a5bbe6800 JavaThread "JDWP Event Helper Thread" daemon [_thread_blocked, id=16492, stack(0x000000e9ec100000,0x000000e9ec200000)]
  0x0000028a5bbf1000 JavaThread "JDWP Command Reader" daemon [_thread_in_native, id=22656, stack(0x000000e9ec200000,0x000000e9ec300000)]
  0x0000028a5cb7d000 JavaThread "Notification Thread" daemon [_thread_blocked, id=5488, stack(0x000000e9ec300000,0x000000e9ec400000)]
  0x0000028a5bbe4000 JavaThread "RMI TCP Accept-0" daemon [_thread_in_native, id=16188, stack(0x000000e9ec400000,0x000000e9ec500000)]
  0x0000028a5bbe3000 JavaThread "RMI TCP Accept-55051" daemon [_thread_in_native, id=25036, stack(0x000000e9ec500000,0x000000e9ec600000)]
  0x0000028a5cd71000 JavaThread "RMI TCP Accept-0" daemon [_thread_in_native, id=23888, stack(0x000000e9ec600000,0x000000e9ec700000)]
  0x0000028a5cf56000 JavaThread "RMI Scheduler(0)" daemon [_thread_blocked, id=24720, stack(0x000000e9ed400000,0x000000e9ed500000)]
  0x0000028a5cf5c800 JavaThread "RMI TCP Connection(4)-127.0.0.1" daemon [_thread_in_native, id=9116, stack(0x000000e9ed500000,0x000000e9ed600000)]
  0x0000028a5cf72000 JavaThread "JMX server connection timeout 32" daemon [_thread_blocked, id=21668, stack(0x000000e9ed600000,0x000000e9ed700000)]
  0x0000028a5e2a7000 JavaThread "mysql-cj-abandoned-connection-cleanup" daemon [_thread_blocked, id=7648, stack(0x000000e9ed700000,0x000000e9ed800000)]
  0x0000028a5e2a4800 JavaThread "HikariPool-1 housekeeper" daemon [_thread_blocked, id=10724, stack(0x000000e9edc00000,0x000000e9edd00000)]
  0x0000028a60396000 JavaThread "Catalina-utility-1" [_thread_blocked, id=26184, stack(0x000000e9ede00000,0x000000e9edf00000)]
  0x0000028a60394800 JavaThread "Catalina-utility-2" [_thread_blocked, id=22016, stack(0x000000e9edf00000,0x000000e9ee000000)]
  0x0000028a60394000 JavaThread "container-0" [_thread_blocked, id=25512, stack(0x000000e9ee000000,0x000000e9ee100000)]
  0x0000028a60398000 JavaThread "http-nio-8080-exec-1" daemon [_thread_blocked, id=24932, stack(0x000000e9ee100000,0x000000e9ee200000)]
  0x0000028a60397000 JavaThread "http-nio-8080-exec-2" daemon [_thread_blocked, id=24428, stack(0x000000e9ee200000,0x000000e9ee300000)]
  0x0000028a60398800 JavaThread "http-nio-8080-exec-3" daemon [_thread_blocked, id=17584, stack(0x000000e9ee300000,0x000000e9ee400000)]
  0x0000028a60393000 JavaThread "http-nio-8080-exec-4" daemon [_thread_blocked, id=16672, stack(0x000000e9ee400000,0x000000e9ee500000)]
  0x0000028a60399800 JavaThread "http-nio-8080-exec-5" daemon [_thread_blocked, id=13168, stack(0x000000e9ee500000,0x000000e9ee600000)]
  0x0000028a6039a800 JavaThread "http-nio-8080-exec-6" daemon [_thread_blocked, id=21740, stack(0x000000e9ee600000,0x000000e9ee700000)]
  0x0000028a6039b000 JavaThread "http-nio-8080-exec-7" daemon [_thread_blocked, id=21624, stack(0x000000e9ee700000,0x000000e9ee800000)]
  0x0000028a60395800 JavaThread "http-nio-8080-exec-8" daemon [_thread_blocked, id=26320, stack(0x000000e9ee800000,0x000000e9ee900000)]
  0x0000028a603a1000 JavaThread "http-nio-8080-exec-9" daemon [_thread_blocked, id=21476, stack(0x000000e9ee900000,0x000000e9eea00000)]
  0x0000028a603a0000 JavaThread "http-nio-8080-exec-10" daemon [_thread_blocked, id=20484, stack(0x000000e9eea00000,0x000000e9eeb00000)]
  0x0000028a603a1800 JavaThread "http-nio-8080-Poller" daemon [_thread_in_native, id=14944, stack(0x000000e9eeb00000,0x000000e9eec00000)]
  0x0000028a6039c800 JavaThread "http-nio-8080-Acceptor" daemon [_thread_in_native, id=24228, stack(0x000000e9eec00000,0x000000e9eed00000)]
  0x0000028a6039d800 JavaThread "DestroyJavaVM" [_thread_blocked, id=24744, stack(0x000000e9eb100000,0x000000e9eb200000)]
  0x0000028a6039e800 JavaThread "Cleaner-0" daemon [_thread_blocked, id=24200, stack(0x000000e9edd00000,0x000000e9ede00000)]

Other Threads:
  0x0000028a5ab09800 VMThread "VM Thread" [stack: 0x000000e9eb700000,0x000000e9eb800000] [id=22392]
  0x0000028a5cd93800 WatcherThread [stack: 0x000000e9ec700000,0x000000e9ec800000] [id=22756]
  0x0000028a2d77b800 GCTaskThread "GC Thread#0" [stack: 0x000000e9eb200000,0x000000e9eb300000] [id=21628]
  0x0000028a5cdaa000 GCTaskThread "GC Thread#1" [stack: 0x000000e9ec800000,0x000000e9ec900000] [id=18464]
  0x0000028a5cef0000 GCTaskThread "GC Thread#2" [stack: 0x000000e9ec900000,0x000000e9eca00000] [id=26148]
  0x0000028a5cef1000 GCTaskThread "GC Thread#3" [stack: 0x000000e9eca00000,0x000000e9ecb00000] [id=24952]
  0x0000028a5cef1800 GCTaskThread "GC Thread#4" [stack: 0x000000e9ecb00000,0x000000e9ecc00000] [id=21452]
  0x0000028a5cef2800 GCTaskThread "GC Thread#5" [stack: 0x000000e9ecc00000,0x000000e9ecd00000] [id=25472]
  0x0000028a5cef3000 GCTaskThread "GC Thread#6" [stack: 0x000000e9ecd00000,0x000000e9ece00000] [id=24884]
  0x0000028a5cef3800 GCTaskThread "GC Thread#7" [stack: 0x000000e9ece00000,0x000000e9ecf00000] [id=8712]
  0x0000028a5cefc800 GCTaskThread "GC Thread#8" [stack: 0x000000e9ecf00000,0x000000e9ed000000] [id=17388]
  0x0000028a5cefd000 GCTaskThread "GC Thread#9" [stack: 0x000000e9ed000000,0x000000e9ed100000] [id=23248]
  0x0000028a5cefd800 GCTaskThread "GC Thread#10" [stack: 0x000000e9ed100000,0x000000e9ed200000] [id=25080]
  0x0000028a5cefe800 GCTaskThread "GC Thread#11" [stack: 0x000000e9ed200000,0x000000e9ed300000] [id=24840]
  0x0000028a2d79e000 ConcurrentGCThread "G1 Main Marker" [stack: 0x000000e9eb300000,0x000000e9eb400000] [id=25292]
  0x0000028a2d79f000 ConcurrentGCThread "G1 Conc#0" [stack: 0x000000e9eb400000,0x000000e9eb500000] [id=24608]
  0x0000028a5d7e1000 ConcurrentGCThread "G1 Conc#1" [stack: 0x000000e9ed800000,0x000000e9ed900000] [id=22096]
  0x0000028a5daf9800 ConcurrentGCThread "G1 Conc#2" [stack: 0x000000e9ed900000,0x000000e9eda00000] [id=24828]
  0x0000028a5d84d800 ConcurrentGCThread "G1 Conc#3" [stack: 0x000000e9eda00000,0x000000e9edb00000] [id=11844]
  0x0000028a5aad5800 ConcurrentGCThread "G1 Refine#0" [stack: 0x000000e9eb500000,0x000000e9eb600000] [id=10500]
  0x0000028a5aad7800 ConcurrentGCThread "G1 Young RemSet Sampling" [stack: 0x000000e9eb600000,0x000000e9eb700000] [id=21608]

Threads with active compile tasks:

VM state:not at safepoint (normal execution)

VM Mutex/Monitor currently owned by a thread: None

Heap address: 0x0000000607800000, size: 8072 MB, Compressed Oops mode: Zero based, Oop shift amount: 3
Narrow klass base: 0x0000000800000000, Narrow klass shift: 3
Compressed class space size: 1073741824 Address: 0x0000000800b30000

Heap:
 garbage-first heap   total 122880K, used 38496K [0x0000000607800000, 0x0000000800000000)
  region size 2048K, 6 young (12288K), 3 survivors (6144K)
 Metaspace       used 72165K, capacity 74288K, committed 74448K, reserved 1114112K
  class space    used 9976K, capacity 10755K, committed 10880K, reserved 1048576K
Heap Regions: E=young(eden), S=young(survivor), O=old, HS=humongous(starts), HC=humongous(continues), CS=collection set, F=free, OA=open archive, CA=closed archive, TAMS=top-at-mark-start (previous, next)
|   0|0x0000000607800000, 0x0000000607a00000, 0x0000000607a00000|100%| O|  |TAMS 0x0000000607a00000, 0x0000000607800000| Untracked 
|   1|0x0000000607a00000, 0x0000000607c00000, 0x0000000607c00000|100%| O|  |TAMS 0x0000000607c00000, 0x0000000607a00000| Untracked 
|   2|0x0000000607c00000, 0x0000000607e00000, 0x0000000607e00000|100%| O|  |TAMS 0x0000000607e00000, 0x0000000607c00000| Untracked 
|   3|0x0000000607e00000, 0x0000000607ec6600, 0x0000000608000000| 38%| O|  |TAMS 0x0000000607ec6600, 0x0000000607e00000| Untracked 
|   4|0x0000000608000000, 0x0000000608200000, 0x0000000608200000|100%| O|  |TAMS 0x0000000608200000, 0x0000000608000000| Untracked 
|   5|0x0000000608200000, 0x00000006083ad200, 0x0000000608400000| 83%| O|  |TAMS 0x00000006083ad200, 0x0000000608200000| Untracked 
|   6|0x0000000608400000, 0x0000000608600000, 0x0000000608600000|100%| O|  |TAMS 0x0000000608400000, 0x0000000608400000| Untracked 
|   7|0x0000000608600000, 0x0000000608765000, 0x0000000608800000| 69%| O|  |TAMS 0x0000000608765000, 0x0000000608600000| Untracked 
|   8|0x0000000608800000, 0x0000000608a00000, 0x0000000608a00000|100%| O|  |TAMS 0x0000000608800000, 0x0000000608800000| Untracked 
|   9|0x0000000608a00000, 0x0000000608c00000, 0x0000000608c00000|100%| O|  |TAMS 0x0000000608a00000, 0x0000000608a00000| Untracked 
|  10|0x0000000608c00000, 0x0000000608e00000, 0x0000000608e00000|100%| O|  |TAMS 0x0000000608c00000, 0x0000000608c00000| Untracked 
|  11|0x0000000608e00000, 0x0000000609000000, 0x0000000609000000|100%| O|  |TAMS 0x0000000608e00000, 0x0000000608e00000| Untracked 
|  12|0x0000000609000000, 0x0000000609014200, 0x0000000609200000|  3%| O|  |TAMS 0x0000000609000000, 0x0000000609000000| Untracked 
|  13|0x0000000609200000, 0x0000000609200000, 0x0000000609400000|  0%| F|  |TAMS 0x0000000609200000, 0x0000000609200000| Untracked 
|  14|0x0000000609400000, 0x0000000609400000, 0x0000000609600000|  0%| F|  |TAMS 0x0000000609400000, 0x0000000609400000| Untracked 
|  15|0x0000000609600000, 0x0000000609600000, 0x0000000609800000|  0%| F|  |TAMS 0x0000000609600000, 0x0000000609600000| Untracked 
|  16|0x0000000609800000, 0x0000000609800000, 0x0000000609a00000|  0%| F|  |TAMS 0x0000000609800000, 0x0000000609800000| Untracked 
|  17|0x0000000609a00000, 0x0000000609a00000, 0x0000000609c00000|  0%| F|  |TAMS 0x0000000609a00000, 0x0000000609a00000| Untracked 
|  18|0x0000000609c00000, 0x0000000609c00000, 0x0000000609e00000|  0%| F|  |TAMS 0x0000000609c00000, 0x0000000609c00000| Untracked 
|  19|0x0000000609e00000, 0x0000000609fab820, 0x000000060a000000| 83%| S|CS|TAMS 0x0000000609e00000, 0x0000000609e00000| Complete 
|  20|0x000000060a000000, 0x000000060a200000, 0x000000060a200000|100%| S|CS|TAMS 0x000000060a000000, 0x000000060a000000| Complete 
|  21|0x000000060a200000, 0x000000060a200000, 0x000000060a400000|  0%| F|  |TAMS 0x000000060a200000, 0x000000060a200000| Untracked 
|  22|0x000000060a400000, 0x000000060a400000, 0x000000060a600000|  0%| F|  |TAMS 0x000000060a400000, 0x000000060a400000| Untracked 
|  23|0x000000060a600000, 0x000000060a600000, 0x000000060a800000|  0%| F|  |TAMS 0x000000060a600000, 0x000000060a600000| Untracked 
|  24|0x000000060a800000, 0x000000060aa00000, 0x000000060aa00000|100%| S|CS|TAMS 0x000000060a800000, 0x000000060a800000| Complete 
|  25|0x000000060aa00000, 0x000000060aa00000, 0x000000060ac00000|  0%| F|  |TAMS 0x000000060aa00000, 0x000000060aa00000| Untracked 
|  26|0x000000060ac00000, 0x000000060ac00000, 0x000000060ae00000|  0%| F|  |TAMS 0x000000060ac00000, 0x000000060ac00000| Untracked 
|  27|0x000000060ae00000, 0x000000060ae00000, 0x000000060b000000|  0%| F|  |TAMS 0x000000060ae00000, 0x000000060ae00000| Untracked 
|  28|0x000000060b000000, 0x000000060b000000, 0x000000060b200000|  0%| F|  |TAMS 0x000000060b000000, 0x000000060b000000| Untracked 
|  29|0x000000060b200000, 0x000000060b200000, 0x000000060b400000|  0%| F|  |TAMS 0x000000060b200000, 0x000000060b200000| Untracked 
|  30|0x000000060b400000, 0x000000060b400000, 0x000000060b600000|  0%| F|  |TAMS 0x000000060b400000, 0x000000060b400000| Untracked 
|  31|0x000000060b600000, 0x000000060b600000, 0x000000060b800000|  0%| F|  |TAMS 0x000000060b600000, 0x000000060b600000| Untracked 
|  32|0x000000060b800000, 0x000000060b800000, 0x000000060ba00000|  0%| F|  |TAMS 0x000000060b800000, 0x000000060b800000| Untracked 
|  33|0x000000060ba00000, 0x000000060ba00000, 0x000000060bc00000|  0%| F|  |TAMS 0x000000060ba00000, 0x000000060ba00000| Untracked 
|  34|0x000000060bc00000, 0x000000060bc00000, 0x000000060be00000|  0%| F|  |TAMS 0x000000060bc00000, 0x000000060bc00000| Untracked 
|  35|0x000000060be00000, 0x000000060be00000, 0x000000060c000000|  0%| F|  |TAMS 0x000000060be00000, 0x000000060be00000| Untracked 
|  36|0x000000060c000000, 0x000000060c000000, 0x000000060c200000|  0%| F|  |TAMS 0x000000060c000000, 0x000000060c000000| Untracked 
|  37|0x000000060c200000, 0x000000060c200000, 0x000000060c400000|  0%| F|  |TAMS 0x000000060c200000, 0x000000060c200000| Untracked 
|  38|0x000000060c400000, 0x000000060c400000, 0x000000060c600000|  0%| F|  |TAMS 0x000000060c400000, 0x000000060c400000| Untracked 
|  39|0x000000060c600000, 0x000000060c600000, 0x000000060c800000|  0%| F|  |TAMS 0x000000060c600000, 0x000000060c600000| Untracked 
|  40|0x000000060c800000, 0x000000060c800000, 0x000000060ca00000|  0%| F|  |TAMS 0x000000060c800000, 0x000000060c800000| Untracked 
|  41|0x000000060ca00000, 0x000000060ca00000, 0x000000060cc00000|  0%| F|  |TAMS 0x000000060ca00000, 0x000000060ca00000| Untracked 
|  42|0x000000060cc00000, 0x000000060cc00000, 0x000000060ce00000|  0%| F|  |TAMS 0x000000060cc00000, 0x000000060cc00000| Untracked 
|  43|0x000000060ce00000, 0x000000060ce00000, 0x000000060d000000|  0%| F|  |TAMS 0x000000060ce00000, 0x000000060ce00000| Untracked 
|  44|0x000000060d000000, 0x000000060d000000, 0x000000060d200000|  0%| F|  |TAMS 0x000000060d000000, 0x000000060d000000| Untracked 
|  45|0x000000060d200000, 0x000000060d200000, 0x000000060d400000|  0%| F|  |TAMS 0x000000060d200000, 0x000000060d200000| Untracked 
|  46|0x000000060d400000, 0x000000060d400000, 0x000000060d600000|  0%| F|  |TAMS 0x000000060d400000, 0x000000060d400000| Untracked 
|  47|0x000000060d600000, 0x000000060d600000, 0x000000060d800000|  0%| F|  |TAMS 0x000000060d600000, 0x000000060d600000| Untracked 
|  48|0x000000060d800000, 0x000000060d800000, 0x000000060da00000|  0%| F|  |TAMS 0x000000060d800000, 0x000000060d800000| Untracked 
|  68|0x0000000610000000, 0x0000000610000000, 0x0000000610200000|  0%| F|  |TAMS 0x0000000610000000, 0x0000000610000000| Untracked 
|  69|0x0000000610200000, 0x0000000610200000, 0x0000000610400000|  0%| F|  |TAMS 0x0000000610200000, 0x0000000610200000| Untracked 
|  70|0x0000000610400000, 0x0000000610400000, 0x0000000610600000|  0%| F|  |TAMS 0x0000000610400000, 0x0000000610400000| Untracked 
|  71|0x0000000610600000, 0x0000000610600000, 0x0000000610800000|  0%| F|  |TAMS 0x0000000610600000, 0x0000000610600000| Untracked 
|  72|0x0000000610800000, 0x0000000610800000, 0x0000000610a00000|  0%| F|  |TAMS 0x0000000610800000, 0x0000000610800000| Untracked 
|  73|0x0000000610a00000, 0x0000000610aad420, 0x0000000610c00000| 33%| E|  |TAMS 0x0000000610a00000, 0x0000000610a00000| Complete 
| 142|0x0000000619400000, 0x0000000619600000, 0x0000000619600000|100%| E|CS|TAMS 0x0000000619400000, 0x0000000619400000| Complete 
| 252|0x0000000627000000, 0x0000000627200000, 0x0000000627200000|100%| E|CS|TAMS 0x0000000627000000, 0x0000000627000000| Complete 
|4033|0x00000007ffa00000, 0x00000007ffc00000, 0x00000007ffc00000|100%| O|  |TAMS 0x00000007ffc00000, 0x00000007ffa00000| Untracked 
|4034|0x00000007ffc00000, 0x00000007ffe00000, 0x00000007ffe00000|100%| O|  |TAMS 0x00000007ffe00000, 0x00000007ffc00000| Untracked 
|4035|0x00000007ffe00000, 0x0000000800000000, 0x0000000800000000|100%| O|  |TAMS 0x0000000800000000, 0x00000007ffe00000| Untracked 

Card table byte_map: [0x0000028a468f0000,0x0000028a478c0000] _byte_map_base: 0x0000028a438b4000

Marking Bits (Prev, Next): (CMBitMap*) 0x0000028a2d77d268, (CMBitMap*) 0x0000028a2d77d228
 Prev Bits: [0x0000028a506b0000, 0x0000028a584d0000)
 Next Bits: [0x0000028a48890000, 0x0000028a506b0000)

Polling page: 0x0000028a2b2f0000

Metaspace:

Usage:
  Non-class:     62.04 MB capacity,    60.73 MB ( 98%) used,     1.06 MB (  2%) free+waste,   257.19 KB ( <1%) overhead. 
      Class:     10.50 MB capacity,     9.74 MB ( 93%) used,   654.46 KB (  6%) free+waste,   124.25 KB (  1%) overhead. 
       Both:     72.55 MB capacity,    70.47 MB ( 97%) used,     1.70 MB (  2%) free+waste,   381.44 KB ( <1%) overhead. 

Virtual space:
  Non-class space:       64.00 MB reserved,      62.08 MB ( 97%) committed 
      Class space:        1.00 GB reserved,      10.63 MB (  1%) committed 
             Both:        1.06 GB reserved,      72.70 MB (  7%) committed 

Chunk freelists:
   Non-Class:  35.00 KB
       Class:  0 bytes
        Both:  35.00 KB

MaxMetaspaceSize: 17179869184.00 GB
CompressedClassSpaceSize: 1.00 GB

CodeHeap 'non-profiled nmethods': size=233856Kb used=11899Kb max_used=11960Kb free=221956Kb
 bounds [0x0000028a36a20000, 0x0000028a375d0000, 0x0000028a44e80000]
CodeHeap 'non-nmethods': size=11904Kb used=1451Kb max_used=1451Kb free=10453Kb
 bounds [0x0000028a35e80000, 0x0000028a360f0000, 0x0000028a36a20000]
 total_blobs=7902 nmethods=7238 adapters=590
 compilation: enabled
              stopped_count=0, restarted_count=0
 full_count=0

Compilation events (20 events):
Event: 116.118 Thread 0x0000028a5ba6b800 7383       1       java.lang.System$2::blockedOn (5 bytes)
Event: 116.118 Thread 0x0000028a5ba6b800 nmethod 7383 0x0000028a36ef2010 code [0x0000028a36ef21c0, 0x0000028a36ef24d8]
Event: 116.118 Thread 0x0000028a5ba6b800 7384   !   1       java.lang.Thread::blockedOn (27 bytes)
Event: 116.118 Thread 0x0000028a5ba6b800 nmethod 7384 0x0000028a36ef1a90 code [0x0000028a36ef1c40, 0x0000028a36ef1f18]
Event: 119.152 Thread 0x0000028a5ba6b800 7385       1       java.nio.channels.spi.AbstractSelector::isOpen (13 bytes)
Event: 119.152 Thread 0x0000028a5ba6b800 nmethod 7385 0x0000028a36ef1790 code [0x0000028a36ef1920, 0x0000028a36ef1a18]
Event: 122.172 Thread 0x0000028a5ba6b800 7386       1       org.apache.tomcat.util.net.NioEndpoint::access$200 (5 bytes)
Event: 122.173 Thread 0x0000028a5ba6b800 nmethod 7386 0x0000028a36ef1490 code [0x0000028a36ef1620, 0x0000028a36ef16b8]
Event: 123.187 Thread 0x0000028a5ba6b800 7387   !   1       sun.nio.ch.SelectorImpl::processDeregisterQueue (145 bytes)
Event: 123.187 Thread 0x0000028a5ba6b800 nmethod 7387 0x0000028a36ef0810 code [0x0000028a36ef0a20, 0x0000028a36ef1028]
Event: 123.310 Thread 0x0000028a5ba6b800 7388       1       java.util.concurrent.locks.ReentrantReadWriteLock::readLock (5 bytes)
Event: 123.311 Thread 0x0000028a5ba6b800 nmethod 7388 0x0000028a36ef0510 code [0x0000028a36ef06a0, 0x0000028a36ef0778]
Event: 123.311 Thread 0x0000028a5ba6b800 7389       1       java.util.concurrent.ConcurrentHashMap$CollectionView::size (8 bytes)
Event: 123.311 Thread 0x0000028a5ba6b800 nmethod 7389 0x0000028a36eefe90 code [0x0000028a36ef0020, 0x0000028a36ef0188]
Event: 126.220 Thread 0x0000028a5ba6b800 7390   !   1       org.apache.tomcat.util.net.NioEndpoint$Poller::events (272 bytes)
Event: 126.223 Thread 0x0000028a5ba6b800 nmethod 7390 0x0000028a36c2cb90 code [0x0000028a36c2ce20, 0x0000028a36c2d918]
Event: 126.223 Thread 0x0000028a5ba6b800 7391  s    1       org.apache.tomcat.util.collections.SynchronizedQueue::size (23 bytes)
Event: 126.223 Thread 0x0000028a5ba6b800 nmethod 7391 0x0000028a36c2c710 code [0x0000028a36c2c8a0, 0x0000028a36c2cb18]
Event: 126.223 Thread 0x0000028a5ba6b800 7392       1       sun.nio.ch.SelectorImpl::ensureOpen (16 bytes)
Event: 126.224 Thread 0x0000028a5ba6b800 nmethod 7392 0x0000028a36c2c310 code [0x0000028a36c2c4c0, 0x0000028a36c2c628]

GC Heap History (20 events):
Event: 1.123 GC heap before
{Heap before GC invocations=5 (full 0):
 garbage-first heap   total 61440K, used 40682K [0x0000000607800000, 0x0000000800000000)
  region size 2048K, 18 young (36864K), 3 survivors (6144K)
 Metaspace       used 21707K, capacity 22458K, committed 22832K, reserved 1069056K
  class space    used 2814K, capacity 3079K, committed 3200K, reserved 1048576K
}
Event: 1.126 GC heap after
{Heap after GC invocations=6 (full 0):
 garbage-first heap   total 290816K, used 12055K [0x0000000607800000, 0x0000000800000000)
  region size 2048K, 1 young (2048K), 1 survivors (2048K)
 Metaspace       used 21707K, capacity 22458K, committed 22832K, reserved 1069056K
  class space    used 2814K, capacity 3079K, committed 3200K, reserved 1048576K
}
Event: 1.677 GC heap before
{Heap before GC invocations=6 (full 0):
 garbage-first heap   total 290816K, used 184087K [0x0000000607800000, 0x0000000800000000)
  region size 2048K, 85 young (174080K), 1 survivors (2048K)
 Metaspace       used 28589K, capacity 29535K, committed 29744K, reserved 1075200K
  class space    used 3837K, capacity 4187K, committed 4224K, reserved 1048576K
}
Event: 1.680 GC heap after
{Heap after GC invocations=7 (full 0):
 garbage-first heap   total 290816K, used 16143K [0x0000000607800000, 0x0000000800000000)
  region size 2048K, 3 young (6144K), 3 survivors (6144K)
 Metaspace       used 28589K, capacity 29535K, committed 29744K, reserved 1075200K
  class space    used 3837K, capacity 4187K, committed 4224K, reserved 1048576K
}
Event: 2.025 GC heap before
{Heap before GC invocations=7 (full 0):
 garbage-first heap   total 290816K, used 151311K [0x0000000607800000, 0x0000000800000000)
  region size 2048K, 71 young (145408K), 3 survivors (6144K)
 Metaspace       used 34702K, capacity 35872K, committed 35920K, reserved 1081344K
  class space    used 4640K, capacity 5104K, committed 5120K, reserved 1048576K
}
Event: 2.029 GC heap after
{Heap after GC invocations=8 (full 0):
 garbage-first heap   total 290816K, used 18718K [0x0000000607800000, 0x0000000800000000)
  region size 2048K, 4 young (8192K), 4 survivors (8192K)
 Metaspace       used 34702K, capacity 35872K, committed 35920K, reserved 1081344K
  class space    used 4640K, capacity 5104K, committed 5120K, reserved 1048576K
}
Event: 2.194 GC heap before
{Heap before GC invocations=9 (full 0):
 garbage-first heap   total 75776K, used 71966K [0x0000000607800000, 0x0000000800000000)
  region size 2048K, 30 young (61440K), 4 survivors (8192K)
 Metaspace       used 38994K, capacity 40329K, committed 40528K, reserved 1083392K
  class space    used 5368K, capacity 5884K, committed 5888K, reserved 1048576K
}
Event: 2.199 GC heap after
{Heap after GC invocations=10 (full 0):
 garbage-first heap   total 83968K, used 19714K [0x0000000607800000, 0x0000000800000000)
  region size 2048K, 2 young (4096K), 2 survivors (4096K)
 Metaspace       used 38994K, capacity 40329K, committed 40528K, reserved 1083392K
  class space    used 5368K, capacity 5884K, committed 5888K, reserved 1048576K
}
Event: 2.312 GC heap before
{Heap before GC invocations=10 (full 0):
 garbage-first heap   total 83968K, used 64770K [0x0000000607800000, 0x0000000800000000)
  region size 2048K, 24 young (49152K), 2 survivors (4096K)
 Metaspace       used 42600K, capacity 43905K, committed 44112K, reserved 1087488K
  class space    used 5860K, capacity 6339K, committed 6400K, reserved 1048576K
}
Event: 2.316 GC heap after
{Heap after GC invocations=11 (full 0):
 garbage-first heap   total 301056K, used 21334K [0x0000000607800000, 0x0000000800000000)
  region size 2048K, 2 young (4096K), 2 survivors (4096K)
 Metaspace       used 42600K, capacity 43905K, committed 44112K, reserved 1087488K
  class space    used 5860K, capacity 6339K, committed 6400K, reserved 1048576K
}
Event: 3.172 GC heap before
{Heap before GC invocations=11 (full 0):
 garbage-first heap   total 301056K, used 197462K [0x0000000607800000, 0x0000000800000000)
  region size 2048K, 88 young (180224K), 2 survivors (4096K)
 Metaspace       used 54708K, capacity 56322K, committed 56528K, reserved 1097728K
  class space    used 7626K, capacity 8231K, committed 8320K, reserved 1048576K
}
Event: 3.176 GC heap after
{Heap after GC invocations=12 (full 0):
 garbage-first heap   total 301056K, used 25927K [0x0000000607800000, 0x0000000800000000)
  region size 2048K, 4 young (8192K), 4 survivors (8192K)
 Metaspace       used 54708K, capacity 56322K, committed 56528K, reserved 1097728K
  class space    used 7626K, capacity 8231K, committed 8320K, reserved 1048576K
}
Event: 3.521 GC heap before
{Heap before GC invocations=12 (full 0):
 garbage-first heap   total 301056K, used 167239K [0x0000000607800000, 0x0000000800000000)
  region size 2048K, 74 young (151552K), 4 survivors (8192K)
 Metaspace       used 58256K, capacity 60060K, committed 60240K, reserved 1101824K
  class space    used 8144K, capacity 8843K, committed 8960K, reserved 1048576K
}
Event: 3.525 GC heap after
{Heap after GC invocations=13 (full 0):
 garbage-first heap   total 301056K, used 30044K [0x0000000607800000, 0x0000000800000000)
  region size 2048K, 6 young (12288K), 6 survivors (12288K)
 Metaspace       used 58256K, capacity 60060K, committed 60240K, reserved 1101824K
  class space    used 8144K, capacity 8843K, committed 8960K, reserved 1048576K
}
Event: 19.319 GC heap before
{Heap before GC invocations=14 (full 0):
 garbage-first heap   total 122880K, used 91484K [0x0000000607800000, 0x0000000800000000)
  region size 2048K, 36 young (73728K), 6 survivors (12288K)
 Metaspace       used 60988K, capacity 62893K, committed 63184K, reserved 1103872K
  class space    used 8558K, capacity 9274K, committed 9344K, reserved 1048576K
}
Event: 19.323 GC heap after
{Heap after GC invocations=15 (full 0):
 garbage-first heap   total 122880K, used 31292K [0x0000000607800000, 0x0000000800000000)
  region size 2048K, 3 young (6144K), 3 survivors (6144K)
 Metaspace       used 60988K, capacity 62893K, committed 63184K, reserved 1103872K
  class space    used 8558K, capacity 9274K, committed 9344K, reserved 1048576K
}
Event: 19.534 GC heap before
{Heap before GC invocations=15 (full 0):
 garbage-first heap   total 122880K, used 98876K [0x0000000607800000, 0x0000000800000000)
  region size 2048K, 36 young (73728K), 3 survivors (6144K)
 Metaspace       used 65982K, capacity 67955K, committed 68176K, reserved 1107968K
  class space    used 9178K, capacity 9934K, committed 9984K, reserved 1048576K
}
Event: 19.537 GC heap after
{Heap after GC invocations=16 (full 0):
 garbage-first heap   total 122880K, used 31731K [0x0000000607800000, 0x0000000800000000)
  region size 2048K, 4 young (8192K), 4 survivors (8192K)
 Metaspace       used 65982K, capacity 67955K, committed 68176K, reserved 1107968K
  class space    used 9178K, capacity 9934K, committed 9984K, reserved 1048576K
}
Event: 79.580 GC heap before
{Heap before GC invocations=16 (full 0):
 garbage-first heap   total 122880K, used 95219K [0x0000000607800000, 0x0000000800000000)
  region size 2048K, 36 young (73728K), 4 survivors (8192K)
 Metaspace       used 71975K, capacity 74082K, committed 74320K, reserved 1114112K
  class space    used 9951K, capacity 10751K, committed 10752K, reserved 1048576K
}
Event: 79.584 GC heap after
{Heap after GC invocations=17 (full 0):
 garbage-first heap   total 122880K, used 34400K [0x0000000607800000, 0x0000000800000000)
  region size 2048K, 3 young (6144K), 3 survivors (6144K)
 Metaspace       used 71975K, capacity 74082K, committed 74320K, reserved 1114112K
  class space    used 9951K, capacity 10751K, committed 10752K, reserved 1048576K
}

Deoptimization events (20 events):
Event: 47.548 Thread 0x0000028a60393000 DEOPT PACKING pc=0x0000028a36c87d5c sp=0x000000e9ee4f9ec0
Event: 47.548 Thread 0x0000028a60393000 DEOPT UNPACKING pc=0x0000028a35ec964e sp=0x000000e9ee4f93b0 mode 1
Event: 47.597 Thread 0x0000028a60399800 DEOPT PACKING pc=0x0000028a36c5310c sp=0x000000e9ee5f8840
Event: 47.597 Thread 0x0000028a60399800 DEOPT UNPACKING pc=0x0000028a35ec964e sp=0x000000e9ee5f7cd8 mode 1
Event: 47.597 Thread 0x0000028a60399800 DEOPT PACKING pc=0x0000028a36c2ee9c sp=0x000000e9ee5f8910
Event: 47.597 Thread 0x0000028a60399800 DEOPT UNPACKING pc=0x0000028a35ec964e sp=0x000000e9ee5f7dc8 mode 1
Event: 47.597 Thread 0x0000028a60399800 DEOPT PACKING pc=0x0000028a36c87d5c sp=0x000000e9ee5f93e0
Event: 47.597 Thread 0x0000028a60399800 DEOPT UNPACKING pc=0x0000028a35ec964e sp=0x000000e9ee5f88d0 mode 1
Event: 47.597 Thread 0x0000028a60399800 DEOPT PACKING pc=0x0000028a36c5310c sp=0x000000e9ee5f8840
Event: 47.597 Thread 0x0000028a60399800 DEOPT UNPACKING pc=0x0000028a35ec964e sp=0x000000e9ee5f7cd8 mode 1
Event: 47.597 Thread 0x0000028a60399800 DEOPT PACKING pc=0x0000028a36c2ee9c sp=0x000000e9ee5f8910
Event: 47.597 Thread 0x0000028a60399800 DEOPT UNPACKING pc=0x0000028a35ec964e sp=0x000000e9ee5f7dc8 mode 1
Event: 47.597 Thread 0x0000028a60399800 DEOPT PACKING pc=0x0000028a36c87d5c sp=0x000000e9ee5f93e0
Event: 47.597 Thread 0x0000028a60399800 DEOPT UNPACKING pc=0x0000028a35ec964e sp=0x000000e9ee5f88d0 mode 1
Event: 79.651 Thread 0x0000028a60397000 DEOPT PACKING pc=0x0000028a36f1efdc sp=0x000000e9ee2fbbe0
Event: 79.651 Thread 0x0000028a60397000 DEOPT UNPACKING pc=0x0000028a35ec964e sp=0x000000e9ee2fb158 mode 1
Event: 79.651 Thread 0x0000028a60397000 DEOPT PACKING pc=0x0000028a36da98a4 sp=0x000000e9ee2fbd10
Event: 79.651 Thread 0x0000028a60397000 DEOPT UNPACKING pc=0x0000028a35ec964e sp=0x000000e9ee2fb1b0 mode 1
Event: 79.651 Thread 0x0000028a60397000 DEOPT PACKING pc=0x0000028a36da9434 sp=0x000000e9ee2fbd60
Event: 79.651 Thread 0x0000028a60397000 DEOPT UNPACKING pc=0x0000028a35ec964e sp=0x000000e9ee2fb250 mode 1

Classes unloaded (0 events):
No events

Classes redefined (3 events):
Event: 109.468 Thread 0x0000028a5ab09800 redefined class name=it.trefin.erecruitment.security.AuthController, count=1
Event: 116.111 Thread 0x0000028a5ab09800 redefined class name=it.trefin.erecruitment.security.AuthController, count=2
Event: 129.036 Thread 0x0000028a5ab09800 redefined class name=it.trefin.erecruitment.security.AuthController, count=3

Internal exceptions (20 events):
Event: 3.604 Thread 0x0000028a2d6fc000 Exception <a 'java/lang/NoSuchMethodError'{0x000000060c9cff08}: 'void java.lang.invoke.DirectMethodHandle$Holder.invokeVirtual(java.lang.Object, java.lang.Object, long)'> (0x000000060c9cff08) 
thrown [./open/src/hotspot/share/interpreter/linkResolver.cpp, line 766]
Event: 3.636 Thread 0x0000028a2d6fc000 Exception <a 'java/lang/NoSuchMethodError'{0x000000060bd82368}: 'int java.lang.invoke.DirectMethodHandle$Holder.invokeStaticInit(java.lang.Object, java.lang.Object, java.lang.Object, java.lang.Object)'> (0x000000060bd82368) 
thrown [./open/src/hotspot/share/interpreter/linkResolver.cpp, line 766]
Event: 3.677 Thread 0x0000028a2d6fc000 Exception <a 'java/lang/NoSuchMethodError'{0x000000060b053580}: 'java.lang.Object java.lang.invoke.DirectMethodHandle$Holder.invokeSpecial(java.lang.Object, java.lang.Object, int, java.lang.Object, int, java.lang.Object)'> (0x000000060b053580) 
thrown [./open/src/hotspot/share/interpreter/linkResolver.cpp, line 766]
Event: 3.677 Thread 0x0000028a2d6fc000 Exception <a 'java/lang/NoSuchMethodError'{0x000000060b05a108}: 'java.lang.Object java.lang.invoke.DirectMethodHandle$Holder.invokeStatic(java.lang.Object, java.lang.Object, int, java.lang.Object, int)'> (0x000000060b05a108) 
thrown [./open/src/hotspot/share/interpreter/linkResolver.cpp, line 766]
Event: 3.677 Thread 0x0000028a2d6fc000 Exception <a 'java/lang/NoSuchMethodError'{0x000000060b05d4b8}: 'java.lang.Object java.lang.invoke.DirectMethodHandle$Holder.invokeSpecial(java.lang.Object, java.lang.Object, java.lang.Object, int, java.lang.Object, int)'> (0x000000060b05d4b8) 
thrown [./open/src/hotspot/share/interpreter/linkResolver.cpp, line 766]
Event: 3.677 Thread 0x0000028a2d6fc000 Exception <a 'java/lang/NoSuchMethodError'{0x000000060b075e70}: 'void java.lang.invoke.DirectMethodHandle$Holder.invokeVirtual(java.lang.Object, java.lang.Object)'> (0x000000060b075e70) 
thrown [./open/src/hotspot/share/interpreter/linkResolver.cpp, line 766]
Event: 19.398 Thread 0x0000028a60398000 Exception <a 'sun/nio/fs/WindowsException'{0x000000060cf83828}> (0x000000060cf83828) 
thrown [./open/src/hotspot/share/prims/jni.cpp, line 599]
Event: 19.478 Thread 0x0000028a60398000 Exception <a 'java/lang/NoSuchMethodError'{0x000000060b98b358}: 'java.lang.Object java.lang.invoke.DirectMethodHandle$Holder.invokeStaticInit(java.lang.Object, java.lang.Object, java.lang.Object, java.lang.Object, java.lang.Object, java.lang.Object)'> (0x000000060b98b358) 
thrown [./open/src/hotspot/share/interpreter/linkResolver.cpp, line 766]
Event: 28.037 Thread 0x0000028a60398800 Exception <a 'java/lang/ClassNotFoundException'{0x0000000610081630}: java/lang/ObjectCustomizer> (0x0000000610081630) 
thrown [./open/src/hotspot/share/classfile/systemDictionary.cpp, line 226]
Event: 28.067 Thread 0x0000028a60398800 Exception <a 'java/lang/ClassNotFoundException'{0x00000006100a2da0}: it/trefin/erecruitment/model/UtenteCustomizer> (0x00000006100a2da0) 
thrown [./open/src/hotspot/share/classfile/systemDictionary.cpp, line 226]
Event: 31.428 Thread 0x0000028a60398800 Exception <a 'java/lang/ClassNotFoundException'{0x000000060d7c0d50}: java/lang/ObjectCustomizer> (0x000000060d7c0d50) 
thrown [./open/src/hotspot/share/classfile/systemDictionary.cpp, line 226]
Event: 31.454 Thread 0x0000028a60398800 Exception <a 'java/lang/ClassNotFoundException'{0x000000060d7e3ff8}: it/trefin/erecruitment/model/ConfirmTokenCustomizer> (0x000000060d7e3ff8) 
thrown [./open/src/hotspot/share/classfile/systemDictionary.cpp, line 226]
Event: 34.091 Thread 0x0000028a60398800 Exception <a 'java/io/FileNotFoundException'{0x000000060ce3a6a0}> (0x000000060ce3a6a0) 
thrown [./open/src/hotspot/share/prims/jni.cpp, line 599]
Event: 34.670 Thread 0x0000028a60398800 Exception <a 'java/io/FileNotFoundException'{0x000000060ccdbc10}> (0x000000060ccdbc10) 
thrown [./open/src/hotspot/share/prims/jni.cpp, line 599]
Event: 38.920 Thread 0x0000028a60398800 Exception <a 'java/io/FileNotFoundException'{0x000000060b88c618}> (0x000000060b88c618) 
thrown [./open/src/hotspot/share/prims/jni.cpp, line 599]
Event: 38.920 Thread 0x0000028a60398800 Exception <a 'java/io/FileNotFoundException'{0x000000060b88d920}> (0x000000060b88d920) 
thrown [./open/src/hotspot/share/prims/jni.cpp, line 599]
Event: 47.545 Thread 0x0000028a60393000 Exception <a 'java/lang/NoSuchMethodError'{0x000000060b214170}: 'long java.lang.invoke.DirectMethodHandle$Holder.invokeVirtual(java.lang.Object, java.lang.Object)'> (0x000000060b214170) 
thrown [./open/src/hotspot/share/interpreter/linkResolver.cpp, line 766]
Event: 47.591 Thread 0x0000028a60399800 Exception <a 'java/lang/NoSuchMethodError'{0x000000060b1b6e50}: 'java.lang.Object java.lang.invoke.DirectMethodHandle$Holder.invokeInterface(java.lang.Object, java.lang.Object, java.lang.Object, java.lang.Object)'> (0x000000060b1b6e50) 
thrown [./open/src/hotspot/share/interpreter/linkResolver.cpp, line 766]
Event: 79.651 Thread 0x0000028a60397000 Exception <a 'java/lang/reflect/InvocationTargetException'{0x0000000627033050}> (0x0000000627033050) 
thrown [./open/src/hotspot/share/runtime/reflection.cpp, line 1188]
Event: 129.101 Thread 0x0000028a5bbe5000 Exception <a 'java/lang/LinkageError'{0x0000000610a4c7d0}> (0x0000000610a4c7d0) 
thrown [./open/src/hotspot/share/oops/generateOopMap.cpp, line 2140]

Events (20 events):
Event: 116.198 Executing VM operation: GetFrameLocation
Event: 116.198 Executing VM operation: GetFrameLocation done
Event: 116.198 Executing VM operation: get/set locals
Event: 116.198 Executing VM operation: get/set locals done
Event: 129.033 Executing VM operation: RedefineClasses
Event: 129.042 Executing VM operation: RedefineClasses done
Event: 129.051 Executing VM operation: ChangeBreakpoints
Event: 129.053 Executing VM operation: ChangeBreakpoints done
Event: 129.055 Executing VM operation: GetFrameCount
Event: 129.055 Executing VM operation: GetFrameCount done
Event: 129.055 Executing VM operation: GetStackTrace
Event: 129.055 Executing VM operation: GetStackTrace done
Event: 129.096 Executing VM operation: GetFrameCount
Event: 129.096 Executing VM operation: GetFrameCount done
Event: 129.096 Executing VM operation: GetOwnedMonitorInfo
Event: 129.096 Executing VM operation: GetOwnedMonitorInfo done
Event: 129.096 Executing VM operation: GetCurrentContendedMonitor
Event: 129.096 Executing VM operation: GetCurrentContendedMonitor done
Event: 129.101 Executing VM operation: GetFrameLocation
Event: 129.101 Executing VM operation: GetFrameLocation done


Dynamic libraries:
0x00007ff7a2f10000 - 0x00007ff7a2f1f000 	C:\Program Files\Java\jdk-14.0.2\bin\javaw.exe
0x00007ff90c2b0000 - 0x00007ff90c4c7000 	C:\WINDOWS\SYSTEM32\ntdll.dll
0x00007ff90b080000 - 0x00007ff90b144000 	C:\WINDOWS\System32\KERNEL32.DLL
0x00007ff9097a0000 - 0x00007ff909b57000 	C:\WINDOWS\System32\KERNELBASE.dll
0x00007ff9090d0000 - 0x00007ff90921c000 	C:\Windows\system32\hmpalert.dll
0x00007ff909c80000 - 0x00007ff909d91000 	C:\WINDOWS\System32\ucrtbase.dll
0x00007ff903c60000 - 0x00007ff903c75000 	C:\Program Files\Java\jdk-14.0.2\bin\VCRUNTIME140.dll
0x00007ff903c40000 - 0x00007ff903c58000 	C:\Program Files\Java\jdk-14.0.2\bin\jli.dll
0x00007ff90a4a0000 - 0x00007ff90a552000 	C:\WINDOWS\System32\ADVAPI32.dll
0x00007ff90a3f0000 - 0x00007ff90a497000 	C:\WINDOWS\System32\msvcrt.dll
0x00007ff90afd0000 - 0x00007ff90b078000 	C:\WINDOWS\System32\sechost.dll
0x00007ff909c20000 - 0x00007ff909c48000 	C:\WINDOWS\System32\bcrypt.dll
0x00007ff90c100000 - 0x00007ff90c214000 	C:\WINDOWS\System32\RPCRT4.dll
0x00007ff90bf30000 - 0x00007ff90c0df000 	C:\WINDOWS\System32\USER32.dll
0x00007ff909c50000 - 0x00007ff909c76000 	C:\WINDOWS\System32\win32u.dll
0x00007ff909fe0000 - 0x00007ff90a009000 	C:\WINDOWS\System32\GDI32.dll
0x00007ff909da0000 - 0x00007ff909eb8000 	C:\WINDOWS\System32\gdi32full.dll
0x00007ff909ec0000 - 0x00007ff909f5a000 	C:\WINDOWS\System32\msvcp_win.dll
0x00007ff8fa380000 - 0x00007ff8fa613000 	C:\WINDOWS\WinSxS\amd64_microsoft.windows.common-controls_6595b64144ccf1df_6.0.22621.3672_none_2713b9d173822955\COMCTL32.dll
0x00007ff904570000 - 0x00007ff90457a000 	C:\WINDOWS\SYSTEM32\VERSION.dll
0x00007ff90a010000 - 0x00007ff90a041000 	C:\WINDOWS\System32\IMM32.DLL
0x00007ff903ba0000 - 0x00007ff903c3b000 	C:\Program Files\Java\jdk-14.0.2\bin\msvcp140.dll
0x00007ff878130000 - 0x00007ff878c4e000 	C:\Program Files\Java\jdk-14.0.2\bin\server\jvm.dll
0x00007ff90be60000 - 0x00007ff90be68000 	C:\WINDOWS\System32\PSAPI.DLL
0x00007ff903550000 - 0x00007ff903584000 	C:\WINDOWS\SYSTEM32\WINMM.dll
0x00007ff8c8660000 - 0x00007ff8c8669000 	C:\WINDOWS\SYSTEM32\WSOCK32.dll
0x00007ff90a0b0000 - 0x00007ff90a121000 	C:\WINDOWS\System32\WS2_32.dll
0x00007ff908480000 - 0x00007ff908498000 	C:\WINDOWS\SYSTEM32\kernel.appcore.dll
0x00007ff904ab0000 - 0x00007ff904aba000 	C:\Program Files\Java\jdk-14.0.2\bin\jimage.dll
0x00007ff903f70000 - 0x00007ff9041a2000 	C:\WINDOWS\SYSTEM32\DBGHELP.DLL
0x00007ff90b150000 - 0x00007ff90b4de000 	C:\WINDOWS\System32\combase.dll
0x00007ff90a130000 - 0x00007ff90a207000 	C:\WINDOWS\System32\OLEAUT32.dll
0x00007ff901ac0000 - 0x00007ff901af2000 	C:\WINDOWS\SYSTEM32\dbgcore.DLL
0x00007ff909f60000 - 0x00007ff909fdb000 	C:\WINDOWS\System32\bcryptPrimitives.dll
0x00007ff903b60000 - 0x00007ff903b98000 	C:\Program Files\Java\jdk-14.0.2\bin\jdwp.dll
0x00007ff903b30000 - 0x00007ff903b55000 	C:\Program Files\Java\jdk-14.0.2\bin\java.dll
0x00007ff9037d0000 - 0x00007ff9037de000 	C:\Program Files\Java\jdk-14.0.2\bin\instrument.dll
0x00007ff9028d0000 - 0x00007ff9028e6000 	C:\Program Files\Java\jdk-14.0.2\bin\zip.dll
0x00007ff90a5f0000 - 0x00007ff90ae59000 	C:\WINDOWS\System32\SHELL32.dll
0x00007ff9071b0000 - 0x00007ff907aaf000 	C:\WINDOWS\SYSTEM32\windows.storage.dll
0x00007ff907070000 - 0x00007ff9071af000 	C:\WINDOWS\SYSTEM32\wintypes.dll
0x00007ff90ae60000 - 0x00007ff90af59000 	C:\WINDOWS\System32\SHCORE.dll
0x00007ff90bd80000 - 0x00007ff90bdde000 	C:\WINDOWS\System32\shlwapi.dll
0x00007ff9094f0000 - 0x00007ff909517000 	C:\WINDOWS\SYSTEM32\profapi.dll
0x00007ff9028c0000 - 0x00007ff9028cb000 	C:\Program Files\Java\jdk-14.0.2\bin\dt_socket.dll
0x00007ff907d00000 - 0x00007ff907d2d000 	C:\WINDOWS\SYSTEM32\IPHLPAPI.DLL
0x00007ff908950000 - 0x00007ff9089b9000 	C:\WINDOWS\system32\mswsock.dll
0x00007ff907d30000 - 0x00007ff907e32000 	C:\WINDOWS\SYSTEM32\DNSAPI.dll
0x00007ff90bc10000 - 0x00007ff90bc19000 	C:\WINDOWS\System32\NSI.dll
0x00007ff904360000 - 0x00007ff90436a000 	C:\Windows\System32\rasadhlp.dll
0x00007ff904ee0000 - 0x00007ff904f63000 	C:\WINDOWS\System32\fwpuclnt.dll
0x00007ff8fc800000 - 0x00007ff8fc819000 	C:\Program Files\Java\jdk-14.0.2\bin\net.dll
0x00007ff904ca0000 - 0x00007ff904dd6000 	C:\WINDOWS\SYSTEM32\WINHTTP.dll
0x00007ff8f95f0000 - 0x00007ff8f9602000 	C:\Program Files\Java\jdk-14.0.2\bin\nio.dll
0x00007ff8ffcc0000 - 0x00007ff8ffcc9000 	C:\Program Files\Java\jdk-14.0.2\bin\management.dll
0x00007ff8fc360000 - 0x00007ff8fc36b000 	C:\Program Files\Java\jdk-14.0.2\bin\management_ext.dll
0x00007ff8f9f70000 - 0x00007ff8f9f87000 	C:\WINDOWS\system32\napinsp.dll
0x00007ff8f9f50000 - 0x00007ff8f9f6b000 	C:\WINDOWS\system32\pnrpnsp.dll
0x00007ff8f9d20000 - 0x00007ff8f9d47000 	C:\WINDOWS\system32\nlansp_c.dll
0x00007ff8f9cb0000 - 0x00007ff8f9cc1000 	C:\WINDOWS\System32\winrnr.dll
0x00007ff8f9c90000 - 0x00007ff8f9ca5000 	C:\WINDOWS\system32\wshbth.dll
0x00007ff908cc0000 - 0x00007ff908cdb000 	C:\WINDOWS\SYSTEM32\CRYPTSP.dll
0x00007ff9083e0000 - 0x00007ff908415000 	C:\WINDOWS\system32\rsaenh.dll
0x00007ff9089f0000 - 0x00007ff908a18000 	C:\WINDOWS\SYSTEM32\USERENV.dll
0x00007ff908ca0000 - 0x00007ff908cac000 	C:\WINDOWS\SYSTEM32\CRYPTBASE.dll
0x00007ff904bf0000 - 0x00007ff904c09000 	C:\WINDOWS\SYSTEM32\dhcpcsvc6.DLL
0x00007ff904b80000 - 0x00007ff904b9f000 	C:\WINDOWS\SYSTEM32\dhcpcsvc.DLL
0x00007ff8f95e0000 - 0x00007ff8f95f0000 	C:\Program Files\Java\jdk-14.0.2\bin\verify.dll
0x00007ff8f95b0000 - 0x00007ff8f95d5000 	C:\Program Files\Java\jdk-14.0.2\bin\sunec.dll
0x00007ff8f8250000 - 0x00007ff8f825e000 	C:\Program Files\Java\jdk-14.0.2\bin\sunmscapi.dll
0x00007ff909630000 - 0x00007ff909796000 	C:\WINDOWS\System32\CRYPT32.dll
0x00007ff908d50000 - 0x00007ff908d7d000 	C:\WINDOWS\SYSTEM32\ncrypt.dll
0x00007ff908d00000 - 0x00007ff908d37000 	C:\WINDOWS\SYSTEM32\NTASN1.dll

dbghelp: loaded successfully - version: 4.0.5 - missing functions: none
symbol engine: initialized successfully - sym options: 0x614 - pdb path: .;C:\Program Files\Java\jdk-14.0.2\bin;C:\WINDOWS\SYSTEM32;C:\WINDOWS\WinSxS\amd64_microsoft.windows.common-controls_6595b64144ccf1df_6.0.22621.3672_none_2713b9d173822955;C:\Program Files\Java\jdk-14.0.2\bin\server

VM Arguments:
jvm_args: -XX:+ShowCodeDetailsInExceptionMessages -agentlib:jdwp=transport=dt_socket,suspend=y,address=localhost:55059 -Dcom.sun.management.jmxremote -Dcom.sun.management.jmxremote.port=55051 -Dcom.sun.management.jmxremote.authenticate=false -Dcom.sun.management.jmxremote.ssl=false -Djava.rmi.server.hostname=localhost -Dspring.jmx.enabled=true -Dmanagement.endpoints.jmx.exposure.include=* -Dspring.application.admin.enabled=true -XX:TieredStopAtLevel=1 -Dspring.boot.project.name=eRecruitment -javaagent:C:\Users\ssolimeno\eclipse-jee-2022-03-R-win32-x86_64\eclipse\configuration\org.eclipse.osgi\1440\0\.cp\lib\javaagent-shaded.jar -Dfile.encoding=UTF-8 -Dstdout.encoding=UTF-8 -Dstderr.encoding=UTF-8 
java_command: it.trefin.erecruitment.ERecruitmentApplication --spring.output.ansi.enabled=always
java_class_path (initial): C:\Users\ssolimeno\Documents\GitHub\eRecruitment\target\classes;C:\Users\ssolimeno\.m2\repository\org\springframework\boot\spring-boot-starter-data-jpa\2.7.4\spring-boot-starter-data-jpa-2.7.4.jar;C:\Users\ssolimeno\.m2\repository\org\springframework\boot\spring-boot-starter-aop\2.7.4\spring-boot-starter-aop-2.7.4.jar;C:\Users\ssolimeno\.m2\repository\org\aspectj\aspectjweaver\1.9.7\aspectjweaver-1.9.7.jar;C:\Users\ssolimeno\.m2\repository\org\springframework\boot\spring-boot-starter-jdbc\2.7.4\spring-boot-starter-jdbc-2.7.4.jar;C:\Users\ssolimeno\.m2\repository\com\zaxxer\HikariCP\4.0.3\HikariCP-4.0.3.jar;C:\Users\ssolimeno\.m2\repository\org\springframework\spring-jdbc\5.3.23\spring-jdbc-5.3.23.jar;C:\Users\ssolimeno\.m2\repository\jakarta\transaction\jakarta.transaction-api\1.3.3\jakarta.transaction-api-1.3.3.jar;C:\Users\ssolimeno\.m2\repository\jakarta\persistence\jakarta.persistence-api\2.2.3\jakarta.persistence-api-2.2.3.jar;C:\Users\ssolimeno\.m2\repository\org\hibernate\hibernate-core\5.6.11.Final\hibernate-core-5.6.11.Final.jar;C:\Users\ssolimeno\.m2\repository\org\jboss\logging\jboss-logging\3.4.3.Final\jboss-logging-3.4.3.Final.jar;C:\Users\ssolimeno\.m2\repository\net\bytebuddy\byte-buddy\1.12.17\byte-buddy-1.12.17.jar;C:\Users\ssolimeno\.m2\repository\antlr\antlr\2.7.7\antlr-2.7.7.jar;C:\Users\ssolimeno\.m2\repository\org\jboss\jandex\2.4.2.Final\jandex-2.4.2.Final.jar;C:\Users\ssolimeno\.m2\repository\com\fasterxml\classmate\1.5.1\classmate-1.5.1.jar;C:\Users\ssolimeno\.m2\repository\org\hibernate\common\hibernate-commons-annotations\5.1.2.Final\hibernate-commons-annotations-5.1.2.Final.jar;C:\Users\ssolimeno\.m2\repository\org\glassfish\jaxb\jaxb-runtime\2.3.6\jaxb-runtime-2.3.6.jar;C:\Users\ssolimeno\.m2\repository\jakarta\xml\bind\jakarta.xml.bind-api\2.3.3\jakarta.xml.bind-api-2.3.3.jar;C:\Users\ssolimeno\.m2\repository\org\glassfish\jaxb\txw2\2.3.6\txw2-2.3.6.jar;C:\Users\ssolimeno\.m2\repository\com\sun\istack\istack
Launcher Type: SUN_STANDARD

[Global flags]
     intx CICompilerCount                          = 12                                        {product} {ergonomic}
     uint ConcGCThreads                            = 4                                         {product} {ergonomic}
     uint G1ConcRefinementThreads                  = 15                                        {product} {ergonomic}
   size_t G1HeapRegionSize                         = 2097152                                   {product} {ergonomic}
    uintx GCDrainStackTargetSize                   = 64                                        {product} {ergonomic}
   size_t InitialHeapSize                          = 530579456                                 {product} {ergonomic}
     bool ManagementServer                         = true                                      {product} {command line}
   size_t MarkStackSize                            = 4194304                                   {product} {ergonomic}
   size_t MaxHeapSize                              = 8464105472                                {product} {ergonomic}
   size_t MaxNewSize                               = 5077204992                                {product} {ergonomic}
   size_t MinHeapDeltaBytes                        = 2097152                                   {product} {ergonomic}
   size_t MinHeapSize                              = 8388608                                   {product} {ergonomic}
    uintx NonNMethodCodeHeapSize                   = 12163472                               {pd product} {ergonomic}
    uintx NonProfiledCodeHeapSize                  = 239494768                              {pd product} {ergonomic}
    uintx ProfiledCodeHeapSize                     = 0                                      {pd product} {ergonomic}
    uintx ReservedCodeCacheSize                    = 251658240                              {pd product} {ergonomic}
     bool SegmentedCodeCache                       = true                                      {product} {ergonomic}
     bool ShowCodeDetailsInExceptionMessages       = true                                   {manageable} {command line}
   size_t SoftMaxHeapSize                          = 8464105472                             {manageable} {ergonomic}
     intx TieredStopAtLevel                        = 1                                         {product} {command line}
     bool UseCompressedClassPointers               = true                                 {lp64_product} {ergonomic}
     bool UseCompressedOops                        = true                                 {lp64_product} {ergonomic}
     bool UseG1GC                                  = true                                      {product} {ergonomic}
     bool UseLargePagesIndividualAllocation        = false                                  {pd product} {ergonomic}

Logging:
Log output configuration:
 #0: stdout all=warning uptime,level,tags
 #1: stderr all=off uptime,level,tags

Environment Variables:
PATH=C:/Users/ssolimeno/eclipse-jee-2022-03-R-win32-x86_64/eclipse//plugins/org.eclipse.justj.openjdk.hotspot.jre.full.win32.x86_64_23.0.0.v20240919-1706/jre/bin/server;C:/Users/ssolimeno/eclipse-jee-2022-03-R-win32-x86_64/eclipse//plugins/org.eclipse.justj.openjdk.hotspot.jre.full.win32.x86_64_23.0.0.v20240919-1706/jre/bin;C:\app\client\Administrator\product\19.0.0\client_1\bin;C:\Program Files (x86)\Common Files\Oracle\Java\javapath;C:\WINDOWS\system32;C:\WINDOWS;C:\WINDOWS\System32\Wbem;C:\WINDOWS\System32\WindowsPowerShell\v1.0\;C:\WINDOWS\System32\OpenSSH\;C:\Program Files\TortoiseSVN\bin;C:\Program Files\nodejs\;C:\Program Files\Java\jdk-14.0.2\bin;C:\Users\ssolimeno\AppData\Local\Microsoft\WindowsApps;C:\Users\ssolimeno\AppData\Local\Programs\Microsoft VS Code\bin;C:\Users\ssolimeno\AppData\Local\GitHubDesktop\bin;C:\Users\ssolimeno\AppData\Roaming\npm;C:\Program Files\Java\jdk-14.0.2\bin;;C:\Users\ssolimeno\eclipse-jee-2022-03-R-win32-x86_64\eclipse;
USERNAME=ssolimeno
OS=Windows_NT
PROCESSOR_IDENTIFIER=Intel64 Family 6 Model 186 Stepping 2, GenuineIntel



---------------  S Y S T E M  ---------------

OS: Windows 10 , 64 bit Build 22621 (10.0.22621.3958)
OS uptime: 0 days 0:46 hours
HyperV virtualization detected

CPU:total 20 (initial active 20) (10 cores per cpu, 2 threads per core) family 6 model 186 stepping 2, cmov, cx8, fxsr, mmx, sse, sse2, sse3, ssse3, sse4.1, sse4.2, popcnt, avx, avx2, aes, clmul, erms, 3dnowpref, lzcnt, ht, tsc, tscinvbit, bmi1, bmi2, adx, sha, fma

Memory: 4k page, system-wide physical 32285M (16487M free)
TotalPageFile size 34333M (AvailPageFile size 16320M)
current process WorkingSet (physical memory assigned to process): 286M, peak: 398M
current process commit charge ("private bytes"): 344M, peak: 661M

vm_info: Java HotSpot(TM) 64-Bit Server VM (14.0.2+12-46) for windows-amd64 JRE (14.0.2+12-46), built on Jul  9 2020 00:35:52 by "mach5one" with MS VC++ 15.9 (VS2017)

END.
